{"/home/mubashir/Documents/battleship/src/Factories/gameboard.js": {"path":"/home/mubashir/Documents/battleship/src/Factories/gameboard.js","all":false,"statementMap":{"0":{"start":{"line":1,"column":0},"end":{"line":1,"column":25}},"1":{"start":{"line":2,"column":0},"end":{"line":2,"column":0}},"2":{"start":{"line":3,"column":0},"end":{"line":3,"column":23}},"3":{"start":{"line":4,"column":0},"end":{"line":4,"column":18}},"4":{"start":{"line":5,"column":0},"end":{"line":5,"column":4}},"5":{"start":{"line":6,"column":0},"end":{"line":6,"column":34}},"6":{"start":{"line":7,"column":0},"end":{"line":7,"column":23}},"7":{"start":{"line":8,"column":0},"end":{"line":8,"column":35}},"8":{"start":{"line":9,"column":0},"end":{"line":9,"column":26}},"9":{"start":{"line":10,"column":0},"end":{"line":10,"column":39}},"10":{"start":{"line":11,"column":0},"end":{"line":11,"column":37}},"11":{"start":{"line":12,"column":0},"end":{"line":12,"column":13}},"12":{"start":{"line":13,"column":0},"end":{"line":13,"column":9}},"13":{"start":{"line":14,"column":0},"end":{"line":14,"column":9}},"14":{"start":{"line":15,"column":0},"end":{"line":15,"column":3}},"15":{"start":{"line":16,"column":0},"end":{"line":16,"column":64}},"16":{"start":{"line":17,"column":0},"end":{"line":17,"column":8}},"17":{"start":{"line":18,"column":0},"end":{"line":18,"column":57}},"18":{"start":{"line":19,"column":0},"end":{"line":19,"column":44}},"19":{"start":{"line":20,"column":0},"end":{"line":20,"column":0}},"20":{"start":{"line":21,"column":0},"end":{"line":21,"column":103}},"21":{"start":{"line":22,"column":0},"end":{"line":22,"column":34}},"22":{"start":{"line":23,"column":0},"end":{"line":23,"column":24}},"23":{"start":{"line":24,"column":0},"end":{"line":24,"column":92}},"24":{"start":{"line":25,"column":0},"end":{"line":25,"column":60}},"25":{"start":{"line":26,"column":0},"end":{"line":26,"column":27}},"26":{"start":{"line":27,"column":0},"end":{"line":27,"column":11}},"27":{"start":{"line":28,"column":0},"end":{"line":28,"column":85}},"28":{"start":{"line":29,"column":0},"end":{"line":29,"column":12}},"29":{"start":{"line":30,"column":0},"end":{"line":30,"column":63}},"30":{"start":{"line":31,"column":0},"end":{"line":31,"column":76}},"31":{"start":{"line":32,"column":0},"end":{"line":32,"column":57}},"32":{"start":{"line":33,"column":0},"end":{"line":33,"column":25}},"33":{"start":{"line":34,"column":0},"end":{"line":34,"column":13}},"34":{"start":{"line":35,"column":0},"end":{"line":35,"column":9}},"35":{"start":{"line":36,"column":0},"end":{"line":36,"column":8}},"36":{"start":{"line":37,"column":0},"end":{"line":37,"column":53}},"37":{"start":{"line":38,"column":0},"end":{"line":38,"column":27}},"38":{"start":{"line":39,"column":0},"end":{"line":39,"column":38}},"39":{"start":{"line":40,"column":0},"end":{"line":40,"column":59}},"40":{"start":{"line":41,"column":0},"end":{"line":41,"column":12}},"41":{"start":{"line":42,"column":0},"end":{"line":42,"column":67}},"42":{"start":{"line":43,"column":0},"end":{"line":43,"column":56}},"43":{"start":{"line":44,"column":0},"end":{"line":44,"column":25}},"44":{"start":{"line":45,"column":0},"end":{"line":45,"column":13}},"45":{"start":{"line":46,"column":0},"end":{"line":46,"column":9}},"46":{"start":{"line":47,"column":0},"end":{"line":47,"column":5}},"47":{"start":{"line":48,"column":0},"end":{"line":48,"column":0}},"48":{"start":{"line":49,"column":0},"end":{"line":49,"column":87}},"49":{"start":{"line":50,"column":0},"end":{"line":50,"column":36}},"50":{"start":{"line":51,"column":0},"end":{"line":51,"column":57}},"51":{"start":{"line":52,"column":0},"end":{"line":52,"column":39}},"52":{"start":{"line":53,"column":0},"end":{"line":53,"column":74}},"53":{"start":{"line":54,"column":0},"end":{"line":54,"column":42}},"54":{"start":{"line":55,"column":0},"end":{"line":55,"column":47}},"55":{"start":{"line":56,"column":0},"end":{"line":56,"column":75}},"56":{"start":{"line":57,"column":0},"end":{"line":57,"column":10}},"57":{"start":{"line":58,"column":0},"end":{"line":58,"column":29}},"58":{"start":{"line":59,"column":0},"end":{"line":59,"column":43}},"59":{"start":{"line":60,"column":0},"end":{"line":60,"column":9}},"60":{"start":{"line":61,"column":0},"end":{"line":61,"column":0}},"61":{"start":{"line":62,"column":0},"end":{"line":62,"column":5}},"62":{"start":{"line":63,"column":0},"end":{"line":63,"column":40}},"63":{"start":{"line":64,"column":0},"end":{"line":64,"column":64}},"64":{"start":{"line":65,"column":0},"end":{"line":65,"column":0}},"65":{"start":{"line":66,"column":0},"end":{"line":66,"column":30}},"66":{"start":{"line":67,"column":0},"end":{"line":67,"column":28}},"67":{"start":{"line":68,"column":0},"end":{"line":68,"column":36}},"68":{"start":{"line":69,"column":0},"end":{"line":69,"column":38}},"69":{"start":{"line":70,"column":0},"end":{"line":70,"column":33}},"70":{"start":{"line":71,"column":0},"end":{"line":71,"column":48}},"71":{"start":{"line":72,"column":0},"end":{"line":72,"column":34}},"72":{"start":{"line":73,"column":0},"end":{"line":73,"column":17}},"73":{"start":{"line":74,"column":0},"end":{"line":74,"column":14}},"74":{"start":{"line":75,"column":0},"end":{"line":75,"column":9}},"75":{"start":{"line":76,"column":0},"end":{"line":76,"column":46}},"76":{"start":{"line":77,"column":0},"end":{"line":77,"column":5}},"77":{"start":{"line":78,"column":0},"end":{"line":78,"column":0}},"78":{"start":{"line":79,"column":0},"end":{"line":79,"column":12}},"79":{"start":{"line":80,"column":0},"end":{"line":80,"column":14}},"80":{"start":{"line":81,"column":0},"end":{"line":81,"column":18}},"81":{"start":{"line":82,"column":0},"end":{"line":82,"column":22}},"82":{"start":{"line":83,"column":0},"end":{"line":83,"column":15}},"83":{"start":{"line":84,"column":0},"end":{"line":84,"column":5}},"84":{"start":{"line":85,"column":0},"end":{"line":85,"column":1}},"85":{"start":{"line":86,"column":0},"end":{"line":86,"column":0}},"86":{"start":{"line":87,"column":0},"end":{"line":87,"column":24}}},"s":{"0":1,"1":1,"2":1,"3":1,"4":1,"5":1,"6":1,"7":1,"8":10,"9":10,"10":100,"11":100,"12":10,"13":1,"14":1,"15":1,"16":1,"17":1,"18":1,"19":1,"20":1,"21":1,"22":1,"23":1,"24":1,"25":1,"26":1,"27":1,"28":1,"29":1,"30":2,"31":2,"32":2,"33":2,"34":1,"35":1,"36":1,"37":1,"38":0,"39":0,"40":0,"41":0,"42":0,"43":0,"44":0,"45":0,"46":1,"47":1,"48":1,"49":1,"50":1,"51":1,"52":2,"53":2,"54":2,"55":2,"56":2,"57":2,"58":0,"59":0,"60":2,"61":2,"62":1,"63":1,"64":1,"65":1,"66":1,"67":1,"68":10,"69":100,"70":100,"71":0,"72":0,"73":100,"74":10,"75":1,"76":1,"77":1,"78":1,"79":1,"80":1,"81":1,"82":1,"83":1,"84":1,"85":1,"86":1},"branchMap":{"0":{"type":"branch","line":3,"loc":{"start":{"line":3,"column":18},"end":{"line":85,"column":1}},"locations":[{"start":{"line":3,"column":18},"end":{"line":85,"column":1}}]},"1":{"type":"branch","line":7,"loc":{"start":{"line":7,"column":18},"end":{"line":14,"column":9}},"locations":[{"start":{"line":7,"column":18},"end":{"line":14,"column":9}}]},"2":{"type":"branch","line":8,"loc":{"start":{"line":8,"column":34},"end":{"line":13,"column":9}},"locations":[{"start":{"line":8,"column":34},"end":{"line":13,"column":9}}]},"3":{"type":"branch","line":10,"loc":{"start":{"line":10,"column":38},"end":{"line":12,"column":13}},"locations":[{"start":{"line":10,"column":38},"end":{"line":12,"column":13}}]},"4":{"type":"branch","line":16,"loc":{"start":{"line":16,"column":22},"end":{"line":47,"column":5}},"locations":[{"start":{"line":16,"column":22},"end":{"line":47,"column":5}}]},"5":{"type":"branch","line":19,"loc":{"start":{"line":19,"column":32},"end":{"line":19,"column":39}},"locations":[{"start":{"line":19,"column":32},"end":{"line":19,"column":39}}]},"6":{"type":"branch","line":28,"loc":{"start":{"line":28,"column":44},"end":{"line":28,"column":51}},"locations":[{"start":{"line":28,"column":44},"end":{"line":28,"column":51}}]},"7":{"type":"branch","line":30,"loc":{"start":{"line":30,"column":62},"end":{"line":34,"column":13}},"locations":[{"start":{"line":30,"column":62},"end":{"line":34,"column":13}}]},"8":{"type":"branch","line":38,"loc":{"start":{"line":38,"column":26},"end":{"line":46,"column":9}},"locations":[{"start":{"line":38,"column":26},"end":{"line":46,"column":9}}]},"9":{"type":"branch","line":52,"loc":{"start":{"line":52,"column":26},"end":{"line":62,"column":5}},"locations":[{"start":{"line":52,"column":26},"end":{"line":62,"column":5}}]},"10":{"type":"branch","line":58,"loc":{"start":{"line":58,"column":28},"end":{"line":60,"column":9}},"locations":[{"start":{"line":58,"column":28},"end":{"line":60,"column":9}}]},"11":{"type":"branch","line":66,"loc":{"start":{"line":66,"column":21},"end":{"line":77,"column":5}},"locations":[{"start":{"line":66,"column":21},"end":{"line":77,"column":5}}]},"12":{"type":"branch","line":68,"loc":{"start":{"line":68,"column":35},"end":{"line":76,"column":22}},"locations":[{"start":{"line":68,"column":35},"end":{"line":76,"column":22}}]},"13":{"type":"branch","line":76,"loc":{"start":{"line":76,"column":15},"end":{"line":76,"column":42}},"locations":[{"start":{"line":76,"column":15},"end":{"line":76,"column":42}}]},"14":{"type":"branch","line":69,"loc":{"start":{"line":69,"column":30},"end":{"line":74,"column":14}},"locations":[{"start":{"line":69,"column":30},"end":{"line":74,"column":14}}]},"15":{"type":"branch","line":70,"loc":{"start":{"line":70,"column":26},"end":{"line":70,"column":33}},"locations":[{"start":{"line":70,"column":26},"end":{"line":70,"column":33}}]},"16":{"type":"branch","line":70,"loc":{"start":{"line":70,"column":26},"end":{"line":71,"column":19}},"locations":[{"start":{"line":70,"column":26},"end":{"line":71,"column":19}}]},"17":{"type":"branch","line":71,"loc":{"start":{"line":71,"column":47},"end":{"line":73,"column":17}},"locations":[{"start":{"line":71,"column":47},"end":{"line":73,"column":17}}]}},"b":{"0":[1],"1":[1],"2":[10],"3":[100],"4":[1],"5":[0],"6":[0],"7":[2],"8":[0],"9":[2],"10":[0],"11":[1],"12":[10],"13":[0],"14":[100],"15":[98],"16":[2],"17":[0]},"fnMap":{"0":{"name":"Gameboard","decl":{"start":{"line":3,"column":18},"end":{"line":85,"column":1}},"loc":{"start":{"line":3,"column":18},"end":{"line":85,"column":1}},"line":3},"1":{"name":"placeShip","decl":{"start":{"line":16,"column":22},"end":{"line":47,"column":5}},"loc":{"start":{"line":16,"column":22},"end":{"line":47,"column":5}},"line":16},"2":{"name":"receiveAttack","decl":{"start":{"line":52,"column":26},"end":{"line":62,"column":5}},"loc":{"start":{"line":52,"column":26},"end":{"line":62,"column":5}},"line":52},"3":{"name":"allSunk","decl":{"start":{"line":66,"column":21},"end":{"line":77,"column":5}},"loc":{"start":{"line":66,"column":21},"end":{"line":77,"column":5}},"line":66}},"f":{"0":1,"1":1,"2":2,"3":1}}
,"/home/mubashir/Documents/battleship/src/Factories/player.js": {"path":"/home/mubashir/Documents/battleship/src/Factories/player.js","all":false,"statementMap":{"0":{"start":{"line":1,"column":0},"end":{"line":1,"column":25}},"1":{"start":{"line":2,"column":0},"end":{"line":2,"column":35}},"2":{"start":{"line":3,"column":0},"end":{"line":3,"column":0}},"3":{"start":{"line":4,"column":0},"end":{"line":4,"column":20}},"4":{"start":{"line":5,"column":0},"end":{"line":5,"column":29}},"5":{"start":{"line":6,"column":0},"end":{"line":6,"column":0}},"6":{"start":{"line":7,"column":0},"end":{"line":7,"column":34}},"7":{"start":{"line":8,"column":0},"end":{"line":8,"column":54}},"8":{"start":{"line":9,"column":0},"end":{"line":9,"column":52}},"9":{"start":{"line":10,"column":0},"end":{"line":10,"column":52}},"10":{"start":{"line":11,"column":0},"end":{"line":11,"column":54}},"11":{"start":{"line":12,"column":0},"end":{"line":12,"column":5}},"12":{"start":{"line":13,"column":0},"end":{"line":13,"column":4}},"13":{"start":{"line":14,"column":0},"end":{"line":14,"column":29}},"14":{"start":{"line":15,"column":0},"end":{"line":15,"column":33}},"15":{"start":{"line":16,"column":0},"end":{"line":16,"column":34}},"16":{"start":{"line":17,"column":0},"end":{"line":17,"column":25}},"17":{"start":{"line":18,"column":0},"end":{"line":18,"column":10}},"18":{"start":{"line":19,"column":0},"end":{"line":19,"column":33}},"19":{"start":{"line":20,"column":0},"end":{"line":20,"column":31}},"20":{"start":{"line":21,"column":0},"end":{"line":21,"column":47}},"21":{"start":{"line":22,"column":0},"end":{"line":22,"column":15}},"22":{"start":{"line":23,"column":0},"end":{"line":23,"column":9}},"23":{"start":{"line":24,"column":0},"end":{"line":24,"column":31}},"24":{"start":{"line":25,"column":0},"end":{"line":25,"column":31}},"25":{"start":{"line":26,"column":0},"end":{"line":26,"column":47}},"26":{"start":{"line":27,"column":0},"end":{"line":27,"column":15}},"27":{"start":{"line":28,"column":0},"end":{"line":28,"column":9}},"28":{"start":{"line":29,"column":0},"end":{"line":29,"column":5}},"29":{"start":{"line":30,"column":0},"end":{"line":30,"column":0}},"30":{"start":{"line":31,"column":0},"end":{"line":31,"column":11}},"31":{"start":{"line":32,"column":0},"end":{"line":32,"column":20}},"32":{"start":{"line":33,"column":0},"end":{"line":33,"column":13}},"33":{"start":{"line":34,"column":0},"end":{"line":34,"column":5}},"34":{"start":{"line":35,"column":0},"end":{"line":35,"column":1}},"35":{"start":{"line":36,"column":0},"end":{"line":36,"column":0}},"36":{"start":{"line":37,"column":0},"end":{"line":37,"column":21}}},"s":{"0":1,"1":1,"2":1,"3":1,"4":0,"5":0,"6":0,"7":0,"8":0,"9":0,"10":0,"11":0,"12":0,"13":0,"14":0,"15":0,"16":0,"17":0,"18":0,"19":0,"20":0,"21":0,"22":0,"23":0,"24":0,"25":0,"26":0,"27":0,"28":0,"29":0,"30":0,"31":0,"32":0,"33":0,"34":0,"35":1,"36":1},"branchMap":{},"b":{},"fnMap":{"0":{"name":"Player","decl":{"start":{"line":4,"column":15},"end":{"line":35,"column":1}},"loc":{"start":{"line":4,"column":15},"end":{"line":35,"column":1}},"line":4}},"f":{"0":0}}
,"/home/mubashir/Documents/battleship/src/Factories/ship.js": {"path":"/home/mubashir/Documents/battleship/src/Factories/ship.js","all":false,"statementMap":{"0":{"start":{"line":1,"column":0},"end":{"line":1,"column":25}},"1":{"start":{"line":2,"column":0},"end":{"line":2,"column":0}},"2":{"start":{"line":3,"column":0},"end":{"line":3,"column":28}},"3":{"start":{"line":4,"column":0},"end":{"line":4,"column":38}},"4":{"start":{"line":5,"column":0},"end":{"line":5,"column":22}},"5":{"start":{"line":6,"column":0},"end":{"line":6,"column":4}},"6":{"start":{"line":7,"column":0},"end":{"line":7,"column":29}},"7":{"start":{"line":8,"column":0},"end":{"line":8,"column":53}},"8":{"start":{"line":9,"column":0},"end":{"line":9,"column":35}},"9":{"start":{"line":10,"column":0},"end":{"line":10,"column":5}},"10":{"start":{"line":11,"column":0},"end":{"line":11,"column":0}},"11":{"start":{"line":12,"column":0},"end":{"line":12,"column":26}},"12":{"start":{"line":13,"column":0},"end":{"line":13,"column":33}},"13":{"start":{"line":14,"column":0},"end":{"line":14,"column":24}},"14":{"start":{"line":15,"column":0},"end":{"line":15,"column":8}},"15":{"start":{"line":16,"column":0},"end":{"line":16,"column":47}},"16":{"start":{"line":17,"column":0},"end":{"line":17,"column":40}},"17":{"start":{"line":18,"column":0},"end":{"line":18,"column":9}},"18":{"start":{"line":19,"column":0},"end":{"line":19,"column":0}},"19":{"start":{"line":20,"column":0},"end":{"line":20,"column":51}},"20":{"start":{"line":21,"column":0},"end":{"line":21,"column":21}},"21":{"start":{"line":22,"column":0},"end":{"line":22,"column":5}},"22":{"start":{"line":23,"column":0},"end":{"line":23,"column":4}},"23":{"start":{"line":24,"column":0},"end":{"line":24,"column":11}},"24":{"start":{"line":25,"column":0},"end":{"line":25,"column":12}},"25":{"start":{"line":26,"column":0},"end":{"line":26,"column":15}},"26":{"start":{"line":27,"column":0},"end":{"line":27,"column":19}},"27":{"start":{"line":28,"column":0},"end":{"line":28,"column":17}},"28":{"start":{"line":29,"column":0},"end":{"line":29,"column":5}},"29":{"start":{"line":30,"column":0},"end":{"line":30,"column":1}},"30":{"start":{"line":31,"column":0},"end":{"line":31,"column":0}},"31":{"start":{"line":32,"column":0},"end":{"line":32,"column":19}}},"s":{"0":1,"1":5,"2":5,"3":5,"4":5,"5":5,"6":5,"7":3,"8":3,"9":3,"10":5,"11":5,"12":5,"13":5,"14":3,"15":3,"16":6,"17":6,"18":3,"19":3,"20":3,"21":3,"22":5,"23":5,"24":5,"25":5,"26":5,"27":5,"28":5,"29":5,"30":1,"31":1},"branchMap":{"0":{"type":"branch","line":1,"loc":{"start":{"line":1,"column":15},"end":{"line":30,"column":1}},"locations":[{"start":{"line":1,"column":15},"end":{"line":30,"column":1}}]},"1":{"type":"branch","line":7,"loc":{"start":{"line":7,"column":17},"end":{"line":10,"column":5}},"locations":[{"start":{"line":7,"column":17},"end":{"line":10,"column":5}}]},"2":{"type":"branch","line":8,"loc":{"start":{"line":8,"column":41},"end":{"line":8,"column":48}},"locations":[{"start":{"line":8,"column":41},"end":{"line":8,"column":48}}]},"3":{"type":"branch","line":14,"loc":{"start":{"line":14,"column":19},"end":{"line":22,"column":5}},"locations":[{"start":{"line":14,"column":19},"end":{"line":22,"column":5}}]},"4":{"type":"branch","line":16,"loc":{"start":{"line":16,"column":30},"end":{"line":18,"column":9}},"locations":[{"start":{"line":16,"column":30},"end":{"line":18,"column":9}}]}},"b":{"0":[5],"1":[3],"2":[0],"3":[3],"4":[6]},"fnMap":{"0":{"name":"Ship","decl":{"start":{"line":1,"column":15},"end":{"line":30,"column":1}},"loc":{"start":{"line":1,"column":15},"end":{"line":30,"column":1}},"line":1},"1":{"name":"hit","decl":{"start":{"line":7,"column":17},"end":{"line":10,"column":5}},"loc":{"start":{"line":7,"column":17},"end":{"line":10,"column":5}},"line":7},"2":{"name":"isSunk","decl":{"start":{"line":14,"column":19},"end":{"line":22,"column":5}},"loc":{"start":{"line":14,"column":19},"end":{"line":22,"column":5}},"line":14},"3":{"name":"checkforHits","decl":{"start":{"line":16,"column":30},"end":{"line":18,"column":9}},"loc":{"start":{"line":16,"column":30},"end":{"line":18,"column":9}},"line":16}},"f":{"0":5,"1":3,"2":3,"3":6}}
}
