TN:
SF:src/Factories/gameboard.js
FN:3,Gameboard
FN:16,placeShip
FN:52,receiveAttack
FN:66,allSunk
FNF:4
FNH:4
FNDA:1,Gameboard
FNDA:1,placeShip
FNDA:2,receiveAttack
FNDA:1,allSunk
DA:1,1
DA:2,1
DA:3,1
DA:4,1
DA:5,1
DA:6,1
DA:7,1
DA:8,1
DA:9,10
DA:10,10
DA:11,100
DA:12,100
DA:13,10
DA:14,1
DA:15,1
DA:16,1
DA:17,1
DA:18,1
DA:19,1
DA:20,1
DA:21,1
DA:22,1
DA:23,1
DA:24,1
DA:25,1
DA:26,1
DA:27,1
DA:28,1
DA:29,1
DA:30,1
DA:31,2
DA:32,2
DA:33,2
DA:34,2
DA:35,1
DA:36,1
DA:37,1
DA:38,1
DA:39,0
DA:40,0
DA:41,0
DA:42,0
DA:43,0
DA:44,0
DA:45,0
DA:46,0
DA:47,1
DA:48,1
DA:49,1
DA:50,1
DA:51,1
DA:52,1
DA:53,2
DA:54,2
DA:55,2
DA:56,2
DA:57,2
DA:58,2
DA:59,0
DA:60,0
DA:61,2
DA:62,2
DA:63,1
DA:64,1
DA:65,1
DA:66,1
DA:67,1
DA:68,1
DA:69,10
DA:70,100
DA:71,100
DA:72,0
DA:73,0
DA:74,100
DA:75,10
DA:76,1
DA:77,1
DA:78,1
DA:79,1
DA:80,1
DA:81,1
DA:82,1
DA:83,1
DA:84,1
DA:85,1
DA:86,1
DA:87,1
LF:87
LH:75
BRDA:3,0,0,1
BRDA:7,1,0,1
BRDA:8,2,0,10
BRDA:10,3,0,100
BRDA:16,4,0,1
BRDA:19,5,0,0
BRDA:28,6,0,0
BRDA:30,7,0,2
BRDA:38,8,0,0
BRDA:52,9,0,2
BRDA:58,10,0,0
BRDA:66,11,0,1
BRDA:68,12,0,10
BRDA:76,13,0,0
BRDA:69,14,0,100
BRDA:70,15,0,98
BRDA:70,16,0,2
BRDA:71,17,0,0
BRF:18
BRH:12
end_of_record
TN:
SF:src/Factories/player.js
FN:4,Player
FNF:1
FNH:0
FNDA:0,Player
DA:1,1
DA:2,1
DA:3,1
DA:4,1
DA:5,0
DA:6,0
DA:7,0
DA:8,0
DA:9,0
DA:10,0
DA:11,0
DA:12,0
DA:13,0
DA:14,0
DA:15,0
DA:16,0
DA:17,0
DA:18,0
DA:19,0
DA:20,0
DA:21,0
DA:22,0
DA:23,0
DA:24,0
DA:25,0
DA:26,0
DA:27,0
DA:28,0
DA:29,0
DA:30,0
DA:31,0
DA:32,0
DA:33,0
DA:34,0
DA:35,0
DA:36,1
DA:37,1
LF:37
LH:6
BRF:0
BRH:0
end_of_record
TN:
SF:src/Factories/ship.js
FN:1,Ship
FN:7,hit
FN:14,isSunk
FN:16,checkforHits
FNF:4
FNH:4
FNDA:5,Ship
FNDA:3,hit
FNDA:3,isSunk
FNDA:6,checkforHits
DA:1,1
DA:2,5
DA:3,5
DA:4,5
DA:5,5
DA:6,5
DA:7,5
DA:8,3
DA:9,3
DA:10,3
DA:11,5
DA:12,5
DA:13,5
DA:14,5
DA:15,3
DA:16,3
DA:17,6
DA:18,6
DA:19,3
DA:20,3
DA:21,3
DA:22,3
DA:23,5
DA:24,5
DA:25,5
DA:26,5
DA:27,5
DA:28,5
DA:29,5
DA:30,5
DA:31,1
DA:32,1
LF:32
LH:32
BRDA:1,0,0,5
BRDA:7,1,0,3
BRDA:8,2,0,0
BRDA:14,3,0,3
BRDA:16,4,0,6
BRF:5
BRH:4
end_of_record
