TN:
SF:src/Factories/gameboard.js
FN:1,Gameboard
FNF:1
FNH:0
FNDA:0,Gameboard
DA:1,1
DA:2,0
DA:3,0
DA:4,0
DA:5,0
DA:6,0
DA:7,0
DA:8,0
DA:9,0
DA:10,0
DA:11,0
DA:12,0
DA:13,0
DA:14,0
DA:15,0
DA:16,0
DA:17,0
DA:18,0
DA:19,0
DA:20,1
DA:21,1
LF:21
LH:3
BRF:0
BRH:0
end_of_record
TN:
SF:src/Factories/ship.js
FN:1,Ship
FN:8,checkforHits
FN:12,hit
FN:16,isSunk
FNF:4
FNH:4
FNDA:4,Ship
FNDA:4,checkforHits
FNDA:3,hit
FNDA:2,isSunk
DA:1,1
DA:2,4
DA:3,4
DA:4,4
DA:5,4
DA:6,4
DA:7,4
DA:8,4
DA:9,4
DA:10,4
DA:11,4
DA:12,4
DA:13,3
DA:14,3
DA:15,4
DA:16,4
DA:17,2
DA:18,2
DA:19,2
DA:20,4
DA:21,4
DA:22,4
DA:23,4
DA:24,4
DA:25,4
DA:26,4
DA:27,4
DA:28,1
DA:29,1
DA:30,1
LF:30
LH:30
BRDA:1,0,0,4
BRDA:8,1,0,4
BRDA:12,2,0,3
BRDA:16,3,0,2
BRF:4
BRH:4
end_of_record
